[POST] https://ads.google.com/nav/_/rpc/GaiaInfoService/Get?authuser=0&rpcTrackingId=GaiaInfoService.Get%3A1 => [200] 
[POST] https://ads.google.com/nav/_/rpc/UserCustomerAccessService/List?authuser=0&rpcTrackingId=UserCustomerAccessService.List%3A1 => [200] 
[POST] https://ads.google.com/nav/_/rpc/UserByGaiaService/Get?authuser=0&rpcTrackingId=UserByGaiaService.Get%3A1 => [200] 
[POST] https://ads.google.com/nav/_/logging?authuser=0 => [200] 
[POST] https://ads.google.com/nav/_/logging?authuser=0 => [200] 
[GET] https://ads.google.com/aw/ipl_status?time=0&latency=0&status=pending&__c=4614269072&ocid=6547539728&f.sid=-6933690392433999000&navigationStart=1774547910420&browserActivityTimestamp=1774547910932&place=%2Faw%2Foverview&first=true&loadingApps= => [204] 
[GET] https://ads.google.com/aw/ipl_status?time=0&latency=0&status=pending&__c=4614269072&ocid=6547539728&f.sid=-6933690392433999000&navigationStart=1774547910420&browserActivityTimestamp=1774547910932&place=%2Faw%2Foverview&first=true&loadingApps= => [204] 
[GET] https://ads.google.com/aw/ipl_status?time=500&latency=583&status=pending&__c=4614269072&ocid=6547539728&f.sid=-6933690392433999000&navigationStart=1774547910420&browserActivityTimestamp=1774547911516&place=%2Faw%2Foverview&first=false&loadingApps=AWSM%2CESSENTIALS&newlyLoadedApps=AWSM%2CESSENTIALS => [204] 
[GET] https://ads.google.com/aw/ipl_status?time=500&latency=583&status=pending&__c=4614269072&ocid=6547539728&f.sid=-6933690392433999000&navigationStart=1774547910420&browserActivityTimestamp=1774547911516&place=%2Faw%2Foverview&first=false&loadingApps=AWSM%2CESSENTIALS&newlyLoadedApps=AWSM%2CESSENTIALS => [204] 
[POST] https://adsmarketingfrontend-pa.clients6.google.com/$rpc/google.internal.ads.marketing.frontend.v1.MeasurementService/SaveInteraction => [200] 
[POST] https://ads.google.com/aw_essentials/_/logging?authuser=0&xt=awn&acx-v-bv=aw_essentials_ui_auto_20260325-0432_RC001&acx-v-clt=1774547912522 => [200] 
[POST] https://ads.google.com/aw_essentials/_/rpc/CampaignTrialService/List?authuser=0&xt=awn&acx-v-bv=aw_essentials_ui_auto_20260325-0432_RC001&acx-v-clt=1774547912522&rpcTrackingId=CampaignTrialService.List%3A1&f.sid=-6933690392433999000 => [200] 
[POST] https://ads.google.com/aw_essentials/_/rpc/AwnCatalogService/Get?authuser=0&xt=awn&acx-v-bv=aw_essentials_ui_auto_20260325-0432_RC001&acx-v-clt=1774547912522&rpcTrackingId=AwnCatalogService.Get%3A1&f.sid=-6933690392433999000 => [200] 
[POST] https://ads.google.com/aw_essentials/_/rpc/OverviewService/GetFollowUp?authuser=0&xt=awn&acx-v-bv=aw_essentials_ui_auto_20260325-0432_RC001&acx-v-clt=1774547912522&rpcTrackingId=OverviewService.GetFollowUp%3A1&f.sid=-6933690392433999000 => [200] 
[GET] https://ads.google.com/aw/ipl_status?time=1000&latency=603&status=pending&__c=4614269072&ocid=6547539728&f.sid=-6933690392433999000&navigationStart=1774547910420&browserActivityTimestamp=1774547912068&place=%2Faw%2Foverview&first=false&loadingApps=AWSM&successfullyLoadedApps=ESSENTIALS => [204] 
[GET] https://ads.google.com/aw/ipl_status?time=1000&latency=603&status=pending&__c=4614269072&ocid=6547539728&f.sid=-6933690392433999000&navigationStart=1774547910420&browserActivityTimestamp=1774547912068&place=%2Faw%2Foverview&first=false&loadingApps=AWSM&successfullyLoadedApps=ESSENTIALS => [204] 
[GET] https://ads.google.com/aw/ipl_status?time=1500&latency=623&status=pending&__c=4614269072&ocid=6547539728&f.sid=-6933690392433999000&navigationStart=1774547910420&browserActivityTimestamp=1774547912771&place=%2Faw%2Foverview&first=false&loadingApps=AWSM&successfullyLoadedApps=ESSENTIALS => [204] 
[POST] https://ads.google.com/aw_essentials/_/logging?authuser=0&xt=awn&acx-v-bv=aw_essentials_ui_auto_20260325-0432_RC001&acx-v-clt=1774547912522 => [200] 
[POST] https://ads.google.com/aw/_/logging?authuser=0&xt=awn&acx-v-bv=awn_awsm_auto_20260323-1848_RC000&acx-v-clt=1774547912518 => [200] 
[POST] https://ads.google.com/aw_reporting/reporteditor/priming?__u=6216113857&__c=4614269072&authuser=0&hl=en_GB&xt=awn => [200] 
[POST] https://ads.google.com/aw/_/logging?authuser=0&xt=awn&acx-v-bv=awn_awsm_auto_20260323-1848_RC000&acx-v-clt=1774547912518 => [200] 
[POST] https://ads.google.com/aw/_/logging?authuser=0&xt=awn&acx-v-bv=awn_awsm_auto_20260323-1848_RC000&acx-v-clt=1774547912518 => [200] 
[POST] https://ads.google.com/aw/_/rpc/EducationFeatureService/GetSignals?authuser=0&xt=awn&acx-v-bv=awn_awsm_auto_20260323-1848_RC000&acx-v-clt=1774547912518&rpcTrackingId=EducationFeatureService.GetSignals%3A1&f.sid=-6933690392433999000 => [200] 
[POST] https://ads.google.com/aw_essentials/_/logging?authuser=0&xt=awn&acx-v-bv=aw_essentials_ui_auto_20260325-0432_RC001&acx-v-clt=1774547912522 => [200] 
[POST] https://ads.google.com/aw/_/rpc/UiCustomizationService/ListAll?authuser=0&xt=awn&acx-v-bv=awn_awsm_auto_20260323-1848_RC000&acx-v-clt=1774547912518&rpcTrackingId=UiCustomizationService.ListAll%3A3&f.sid=-6933690392433999000 => [200] 
[POST] https://ads.google.com/aw_essentials/_/rpc/AdGroupAdService/List?authuser=0&xt=awn&acx-v-bv=aw_essentials_ui_auto_20260325-0432_RC001&acx-v-clt=1774547912522&rpcTrackingId=AdGroupAdService.List%3A1&f.sid=-6933690392433999000 => [200] 
[POST] https://ads.google.com/aw/_/rpc/EducationFeatureService/GetSignals?authuser=0&xt=awn&acx-v-bv=awn_awsm_auto_20260323-1848_RC000&acx-v-clt=1774547912518&rpcTrackingId=EducationFeatureService.GetSignals%3A2&f.sid=-6933690392433999000 => [200] 
[POST] https://ads.google.com/aw_essentials/_/logging?authuser=0&xt=awn&acx-v-bv=aw_essentials_ui_auto_20260325-0432_RC001&acx-v-clt=1774547912522 => [200] 
[GET] https://ads.google.com/aw/ipl_status?time=1500&latency=623&status=pending&__c=4614269072&ocid=6547539728&f.sid=-6933690392433999000&navigationStart=1774547910420&browserActivityTimestamp=1774547912771&place=%2Faw%2Foverview&first=false&loadingApps=AWSM&successfullyLoadedApps=ESSENTIALS => [204] 
[POST] https://ads.google.com/aw/_/rpc/CampaignService/List?authuser=0&xt=awn&acx-v-bv=awn_awsm_auto_20260323-1848_RC000&acx-v-clt=1774547912518&rpcTrackingId=CampaignService.List%3A1&f.sid=-6933690392433999000 => [200] 
[POST] https://ads.google.com/aw_reporting/reporteditor/priming?__u=6216113857&__c=4614269072&authuser=0 => [200] 
[POST] https://ads.google.com/aw/_/rpc/ClientCustomerService/List?authuser=0&xt=awn&acx-v-bv=awn_awsm_auto_20260323-1848_RC000&acx-v-clt=1774547912518&rpcTrackingId=ClientCustomerService.List%3A4&f.sid=-6933690392433999000 => [200] 
[POST] https://ads.google.com/aw/_/rpc/ClientCustomerService/List?authuser=0&xt=awn&acx-v-bv=awn_awsm_auto_20260323-1848_RC000&acx-v-clt=1774547912518&rpcTrackingId=ClientCustomerService.List%3A6&f.sid=-6933690392433999000 => [200] 
[POST] https://ads.google.com/aw/_/rpc/NotificationService/List?authuser=0&xt=awn&acx-v-bv=awn_awsm_auto_20260323-1848_RC000&acx-v-clt=1774547912518&rpcTrackingId=NotificationService.List%3A1&f.sid=-6933690392433999000 => [200] 
[POST] https://ads.google.com/aw/_/rpc/MccAggregateNotificationService/List?authuser=0&xt=awn&acx-v-bv=awn_awsm_auto_20260323-1848_RC000&acx-v-clt=1774547912518&rpcTrackingId=MccAggregateNotificationService.List%3A1&f.sid=-6933690392433999000 => [200] 
[GET] https://ads.google.com/aw/ipl_status?time=2000&latency=843&status=done&__c=4614269072&ocid=6547539728&f.sid=-6933690392433999000&navigationStart=1774547910420&browserActivityTimestamp=1774547913337&place=%2Faw%2Foverview&first=false&loadingApps=&successfullyLoadedApps=ESSENTIALS%2CAWSM => [204] 
[POST] https://ads.google.com/aw/_/logging?authuser=0&xt=awn&acx-v-bv=awn_awsm_auto_20260323-1848_RC000&acx-v-clt=1774547912518 => [200] 
[POST] https://ads.google.com/aw/_/rpc/EuParSelfDeclarationEligibilityService/RequiresEuParSelfDeclaration?authuser=0&xt=awn&acx-v-bv=awn_awsm_auto_20260323-1848_RC000&acx-v-clt=1774547912518&rpcTrackingId=EuParSelfDeclarationEligibilityService.RequiresEuParSelfDeclaration%3A1&f.sid=-6933690392433999000 => [200] 
[POST] https://ads.google.com/aw/_/rpc/UserGuidedFlowExecutionInfoService/List?authuser=0&xt=awn&acx-v-bv=awn_awsm_auto_20260323-1848_RC000&acx-v-clt=1774547912518&rpcTrackingId=UserGuidedFlowExecutionInfoService.List%3A2&f.sid=-6933690392433999000 => [200] 
[POST] https://ads.google.com/aw/_/logging?authuser=0&xt=awn&acx-v-bv=awn_awsm_auto_20260323-1848_RC000&acx-v-clt=1774547912518 => [200] 
[POST] https://ads.google.com/aw/_/rpc/UserGuidedFlowExecutionInfoService/List?authuser=0&xt=awn&acx-v-bv=awn_awsm_auto_20260323-1848_RC000&acx-v-clt=1774547912518&rpcTrackingId=UserGuidedFlowExecutionInfoService.List%3A3&f.sid=-6933690392433999000 => [200] 
[POST] https://ads.google.com/aw/_/rpc/CustomerService/List?authuser=0&xt=awn&acx-v-bv=awn_awsm_auto_20260323-1848_RC000&acx-v-clt=1774547912518&rpcTrackingId=CustomerService.List%3A2&f.sid=-6933690392433999000 => [200] 
[POST] https://ads.google.com/aw_essentials/_/logging?authuser=0&xt=awn&acx-v-bv=aw_essentials_ui_auto_20260325-0432_RC001&acx-v-clt=1774547912522 => [200] 
[GET] https://ads.google.com/aw/ipl_status?time=2000&latency=843&status=done&__c=4614269072&ocid=6547539728&f.sid=-6933690392433999000&navigationStart=1774547910420&browserActivityTimestamp=1774547913337&place=%2Faw%2Foverview&first=false&loadingApps=&successfullyLoadedApps=ESSENTIALS%2CAWSM => [204] 
[POST] https://ads.google.com/aw/_/logging?authuser=0&xt=awn&acx-v-bv=awn_awsm_auto_20260323-1848_RC000&acx-v-clt=1774547912518 => [200] 
[POST] https://www.google.com/ccm/collect?frm=0&ae=g&en=page_view&dr=ads.google.com&dl=https%3A%2F%2Fads.google.com%2Faw%2Foverview&scrsrc=www.googletagmanager.com&rnd=464333118.1774547914&dt=Overview%20-%20Etavrian%20MCC%20-%20Google%20Ads&auid=1744281172.1774547914&navt=n&npa=0&ep.ads_data_redaction=0&gtm=45He63p0v78306558za200zd78306558xea&gcd=13l3l3l3l1l1&dma=0&tag_exp=103116026~103200004~115938466~115938468~116024733~116133312~117384405~117484252&apve=1&apvf=f&apvc=1&tft=1774547913685&tfd=3265 => [200] 
[POST] https://ads.google.com/aw/_/logging?authuser=0&xt=awn&acx-v-bv=awn_awsm_auto_20260323-1848_RC000&acx-v-clt=1774547912518 => [200] 
[POST] https://www.google.com/ccm/collect?frm=0&ae=g&en=page_view&dr=ads.google.com&dl=https%3A%2F%2Fads.google.com%2Faw%2Foverview&scrsrc=www.googletagmanager.com&rnd=464333118.1774547914&dt=Overview%20-%20Etavrian%20MCC%20-%20Google%20Ads&auid=1744281172.1774547914&navt=n&npa=0&ep.ads_data_redaction=0&gtm=45He63p0v78306558za200zd78306558xea&gcd=13l3l3l3l1l1&dma=0&tag_exp=103116026~103200004~115938466~115938468~116024733~116133312~117384405~117484252&apve=1&apvf=f&apvc=1&tft=1774547913685&tfd=3265 => [200] 
[POST] https://www.google-analytics.com/g/collect?v=2&tid=G-HR9MP6ENEP&gtm=45je63p0v892897369za200zb78306558zd78306558&_p=1774547910936&gcs=G111&gcd=13t3t3t3t5l1&npa=0&dma=0&cid=1680355506.1774547914&ul=uk-ua&sr=1280x720&uaa=x86&uab=64&uafvl=Chromium%3B146.0.7680.165%7CNot-A.Brand%3B24.0.0.0%7CGoogle%2520Chrome%3B146.0.7680.165&uamb=0&uam=&uap=Windows&uapv=19.0.0&uaw=0&are=1&frm=0&pscdl=noapi&_s=1&tag_exp=103116026~103200004~115616985~115938466~115938469~116024733~117484252&sid=1774547913&sct=1&seg=0&dl=https%3A%2F%2Fads.google.com%2Faw%2Foverview%3Focid%3D6547539728%26euid%3D674165193%26__u%3D6216113857%26uscid%3D6547539728%26__c%3D4614269072%26authuser%3D0%26__e%3D8371670101%26ascid%3D6547539728&dr=https%3A%2F%2Fads.google.com%2Fnav%2Fselectaccount%3Feuid%3D674165193%26__u%3D6216113857%26authuser%3D0%26dst%3D%2Faw%2Foverview%26f.sid%3D-6933690392433999249%26pli%3D1&dt=Overview%20-%20Etavrian%20MCC%20-%20Google%20Ads&en=page_view&_fv=1&_nsi=1&_ss=1&_ee=1&tfd=3381 => [204] 
[POST] https://www.google-analytics.com/g/collect?v=2&tid=G-HR9MP6ENEP&gtm=45je63p0v892897369za200zb78306558zd78306558&_p=1774547910936&gcs=G111&gcd=13t3t3t3t5l1&npa=0&dma=0&cid=1680355506.1774547914&ul=uk-ua&sr=1280x720&uaa=x86&uab=64&uafvl=Chromium%3B146.0.7680.165%7CNot-A.Brand%3B24.0.0.0%7CGoogle%2520Chrome%3B146.0.7680.165&uamb=0&uam=&uap=Windows&uapv=19.0.0&uaw=0&are=1&frm=0&pscdl=noapi&_s=1&tag_exp=103116026~103200004~115616985~115938466~115938469~116024733~117484252&sid=1774547913&sct=1&seg=0&dl=https%3A%2F%2Fads.google.com%2Faw%2Foverview%3Focid%3D6547539728%26euid%3D674165193%26__u%3D6216113857%26uscid%3D6547539728%26__c%3D4614269072%26authuser%3D0%26__e%3D8371670101%26ascid%3D6547539728&dr=https%3A%2F%2Fads.google.com%2Fnav%2Fselectaccount%3Feuid%3D674165193%26__u%3D6216113857%26authuser%3D0%26dst%3D%2Faw%2Foverview%26f.sid%3D-6933690392433999249%26pli%3D1&dt=Overview%20-%20Etavrian%20MCC%20-%20Google%20Ads&en=page_view&_fv=1&_nsi=1&_ss=1&_ee=1&tfd=3381 => [204] 
[POST] https://ads.google.com/aw/_/rpc/HagridRiskVerdictService/GetHagridRiskVerdict?authuser=0&xt=awn&acx-v-bv=awn_awsm_auto_20260323-1848_RC000&acx-v-clt=1774547912518&rpcTrackingId=HagridRiskVerdictService.GetHagridRiskVerdict%3A1&f.sid=-6933690392433999000 => [200] 
[POST] https://ads.google.com/aw/_/rpc/TmlraGlsIEFnYXJ3YWw/Get?authuser=0&xt=awn&acx-v-bv=awn_awsm_auto_20260323-1848_RC000&acx-v-clt=1774547912518&rpcTrackingId=TmlraGlsIEFnYXJ3YWw.Get%3A1&f.sid=-6933690392433999000 => [200] 
[POST] https://ads.google.com/aw/_/rpc/CustomerApexDiversionService/List?authuser=0&xt=awn&acx-v-bv=awn_awsm_auto_20260323-1848_RC000&acx-v-clt=1774547912518&rpcTrackingId=CustomerApexDiversionService.List%3A2&f.sid=-6933690392433999000 => [200] 
[POST] https://ads.google.com/aw/_/rpc/BatchService/Batch?authuser=0&xt=awn&acx-v-bv=awn_awsm_auto_20260323-1848_RC000&acx-v-clt=1774547912518&rpcTrackingId=BatchService.Batch%5BCustomerService.List%2CCustomerUserAppDataService.List%5D%3A1&f.sid=-6933690392433999000 => [200] 
[POST] https://ads.google.com/aw_essentials/_/rpc/AwnCatalogService/Get?authuser=0&xt=awn&acx-v-bv=aw_essentials_ui_auto_20260325-0432_RC001&acx-v-clt=1774547912522&rpcTrackingId=AwnCatalogService.Get%3A2&f.sid=-6933690392433999000 => [200] 
[POST] https://ads.google.com/aw_essentials/_/rpc/AwnCatalogService/Get?authuser=0&xt=awn&acx-v-bv=aw_essentials_ui_auto_20260325-0432_RC001&acx-v-clt=1774547912522&rpcTrackingId=AwnCatalogService.Get%3A3&f.sid=-6933690392433999000 => [200] 
[POST] https://ads.google.com/aw_essentials/_/rpc/AwnCatalogService/Get?authuser=0&xt=awn&acx-v-bv=aw_essentials_ui_auto_20260325-0432_RC001&acx-v-clt=1774547912522&rpcTrackingId=AwnCatalogService.Get%3A4&f.sid=-6933690392433999000 => [200] 
[POST] https://ads.google.com/aw_essentials/_/rpc/CustomerApexDiversionService/List?authuser=0&xt=awn&acx-v-bv=aw_essentials_ui_auto_20260325-0432_RC001&acx-v-clt=1774547912522&rpcTrackingId=CustomerApexDiversionService.List%3A2&f.sid=-6933690392433999000 => [200] 
[POST] https://ads.google.com/aw_essentials/_/rpc/BatchService/Batch?authuser=0&xt=awn&acx-v-bv=aw_essentials_ui_auto_20260325-0432_RC001&acx-v-clt=1774547912522&rpcTrackingId=BatchService.Batch%5BCustomerService.List%2CCustomerUserAppDataService.List%5D%3A1&f.sid=-6933690392433999000 => [200] 
[POST] https://ads.google.com/aw/_/logging?authuser=0&xt=awn&acx-v-bv=awn_awsm_auto_20260323-1848_RC000&acx-v-clt=1774547912518 => [200] 
[POST] https://ads.google.com/aw/_/logging?authuser=0&xt=awn&acx-v-bv=awn_awsm_auto_20260323-1848_RC000&acx-v-clt=1774547912518 => [200] 
[GET] https://ssl.gstatic.com/support/realtime/operatorParams => [200] 
[POST] https://ads.google.com/aw/_/logging?authuser=0&xt=awn&acx-v-bv=awn_awsm_auto_20260323-1848_RC000&acx-v-clt=1774547912518 => [200] 
[POST] https://ads.google.com/aw/_/logging?authuser=0&xt=awn&acx-v-bv=awn_awsm_auto_20260323-1848_RC000&acx-v-clt=1774547912518 => [200] 
[POST] https://ads.google.com/aw/_/logging?authuser=0&xt=awn&acx-v-bv=awn_awsm_auto_20260323-1848_RC000&acx-v-clt=1774547912518 => [200] 
[POST] https://ads.google.com/aw_essentials/_/logging?authuser=0&xt=awn&acx-v-bv=aw_essentials_ui_auto_20260325-0432_RC001&acx-v-clt=1774547912522 => [200] 
[GET] https://www.gstatic.com/cm-analysis/acx-tab-prediction-v0/aurora/1683909867/model.json => [200] 
[POST] https://ads.google.com/aw/_/logging?authuser=0&xt=awn&acx-v-bv=awn_awsm_auto_20260323-1848_RC000&acx-v-clt=1774547912518 => [200] 
[GET] https://www.gstatic.com/cm-analysis/nav-model/230518/model.json => [200] 
[GET] https://www.gstatic.com/cm-analysis/merge-model/250724/model.json => [200] 
[POST] https://ads.google.com/aw_essentials/_/rpc/OverviewService/Get?authuser=0&xt=awn&acx-v-bv=aw_essentials_ui_auto_20260325-0432_RC001&acx-v-clt=1774547912522&rpcTrackingId=OverviewService.Get%3A7&f.sid=-6933690392433999000 => [200] 
[POST] https://ads.google.com/aw_essentials/_/rpc/OverviewService/Get?authuser=0&xt=awn&acx-v-bv=aw_essentials_ui_auto_20260325-0432_RC001&acx-v-clt=1774547912522&rpcTrackingId=OverviewService.Get%3A8&f.sid=-6933690392433999000 => [200] 
[POST] https://ads.google.com/aw_essentials/_/rpc/OverviewService/Get?authuser=0&xt=awn&acx-v-bv=aw_essentials_ui_auto_20260325-0432_RC001&acx-v-clt=1774547912522&rpcTrackingId=OverviewService.Get%3A9&f.sid=-6933690392433999000 => [200] 
[GET] https://www.gstatic.com/cm-analysis/acx-tab-prediction-v0/aurora/1683909867/group1-shard1of1.bin => [200] 
[GET] https://www.gstatic.com/cm-analysis/nav-model/230518/group1-shard1of1.bin => [200] 
[GET] https://www.gstatic.com/cm-analysis/merge-model/250724/group1-shard1of1.bin => [200] 
[POST] https://ads.google.com/aw/_/logging?authuser=0&xt=awn&acx-v-bv=awn_awsm_auto_20260323-1848_RC000&acx-v-clt=1774547912518 => [200] 
[POST] https://ads.google.com/aw/_/logging?authuser=0&xt=awn&acx-v-bv=awn_awsm_auto_20260323-1848_RC000&acx-v-clt=1774547912518 => [200] 
[GET] https://realtimesupport.clients6.google.com/v2/experiments?alt=protojson&key=AIzaSyB5V4SIBGmrqREm7kf2fBJgPcBMCdUrLzE => [200] 
[POST] https://ads.google.com/aw/_/logging?authuser=0&xt=awn&acx-v-bv=awn_awsm_auto_20260323-1848_RC000&acx-v-clt=1774547912518 => [200] 
[POST] https://ads.google.com/aw_essentials/_/rpc/BatchService/Batch?authuser=0&xt=awn&acx-v-bv=aw_essentials_ui_auto_20260325-0432_RC001&acx-v-clt=1774547912522&rpcTrackingId=BatchService.Batch%5BCampaignService.List%2CCampaignService.List%2CCampaignService.List%5D%3A1&f.sid=-6933690392433999000 => [200] 
[POST] https://ads.google.com/aw_essentials/_/rpc/BatchService/Batch?authuser=0&xt=awn&acx-v-bv=aw_essentials_ui_auto_20260325-0432_RC001&acx-v-clt=1774547912522&rpcTrackingId=BatchService.Batch%5BCampaignService.List%5D%3A1&f.sid=-6933690392433999000 => [200] 
[POST] https://ads.google.com/aw_essentials/_/rpc/BatchService/Batch?authuser=0&xt=awn&acx-v-bv=aw_essentials_ui_auto_20260325-0432_RC001&acx-v-clt=1774547912522&rpcTrackingId=BatchService.Batch%5BAdGroupAdService.List%5D%3A1&f.sid=-6933690392433999000 => [200] 
[POST] https://ads.google.com/aw_essentials/_/rpc/CustomerUserAppDataService/Mutate?authuser=0&xt=awn&acx-v-bv=aw_essentials_ui_auto_20260325-0432_RC001&acx-v-clt=1774547912522&rpcTrackingId=CustomerUserAppDataService.Mutate%3A1&f.sid=-6933690392433999000 => [200] 
[POST] https://ads.google.com/aw_essentials/_/rpc/BatchService/Batch?authuser=0&xt=awn&acx-v-bv=aw_essentials_ui_auto_20260325-0432_RC001&acx-v-clt=1774547912522&rpcTrackingId=BatchService.Batch%5BAdGroupAdService.List%2CAdGroupAdService.List%2CAdGroupAdService.List%5D%3A1&f.sid=-6933690392433999000 => [200] 
[GET] https://realtimesupport.clients6.google.com/v2/customers/me?alt=protojson&key=AIzaSyB5V4SIBGmrqREm7kf2fBJgPcBMCdUrLzE => [200] 
[POST] https://ads.google.com/aw_essentials/_/logging?authuser=0&xt=awn&acx-v-bv=aw_essentials_ui_auto_20260325-0432_RC001&acx-v-clt=1774547912522 => [200] 
[POST] https://ads.google.com/aw_essentials/_/logging?authuser=0&xt=awn&acx-v-bv=aw_essentials_ui_auto_20260325-0432_RC001&acx-v-clt=1774547912522 => [200] 
[POST] https://ads.google.com/aw_essentials/_/rpc/CustomerUserAppDataService/Mutate?authuser=0&xt=awn&acx-v-bv=aw_essentials_ui_auto_20260325-0432_RC001&acx-v-clt=1774547912522&rpcTrackingId=CustomerUserAppDataService.Mutate%3A2&f.sid=-6933690392433999000 => [200] 
[POST] https://ads.google.com/aw_essentials/_/rpc/CustomerUserAppDataService/Mutate?authuser=0&xt=awn&acx-v-bv=aw_essentials_ui_auto_20260325-0432_RC001&acx-v-clt=1774547912522&rpcTrackingId=CustomerUserAppDataService.Mutate%3A3&f.sid=-6933690392433999000 => [200] 
[POST] https://ads.google.com/aw_essentials/_/rpc/CustomerUserAppDataService/Mutate?authuser=0&xt=awn&acx-v-bv=aw_essentials_ui_auto_20260325-0432_RC001&acx-v-clt=1774547912522&rpcTrackingId=CustomerUserAppDataService.Mutate%3A4&f.sid=-6933690392433999000 => [200] 
[POST] https://ads.google.com/aw_essentials/_/logging?authuser=0&xt=awn&acx-v-bv=aw_essentials_ui_auto_20260325-0432_RC001&acx-v-clt=1774547912522 => [200] 
[POST] https://ads.google.com/aw_essentials/_/logging?authuser=0&xt=awn&acx-v-bv=aw_essentials_ui_auto_20260325-0432_RC001&acx-v-clt=1774547912522 => [200] 
[POST] https://ads.google.com/aw_essentials/_/rpc/LocalizedPolicyTopicService/GetAllLocalizedPolicyTopics?authuser=0&xt=awn&acx-v-bv=aw_essentials_ui_auto_20260325-0432_RC001&acx-v-clt=1774547912522&rpcTrackingId=LocalizedPolicyTopicService.GetAllLocalizedPolicyTopics%3A1&f.sid=-6933690392433999000 => [200] 
[POST] https://ads.google.com/aw_essentials/_/rpc/SuggestionService/Get?authuser=0&xt=awn&acx-v-bv=aw_essentials_ui_auto_20260325-0432_RC001&acx-v-clt=1774547912522&rpcTrackingId=SuggestionService.Get%3A1&f.sid=-6933690392433999000 => [200] 
[POST] https://ads.google.com/aw_essentials/_/rpc/SuggestionService/Get?authuser=0&xt=awn&acx-v-bv=aw_essentials_ui_auto_20260325-0432_RC001&acx-v-clt=1774547912522&rpcTrackingId=SuggestionService.Get%3A2&f.sid=-6933690392433999000 => [200] 
[POST] https://ads.google.com/aw_essentials/_/logging?authuser=0&xt=awn&acx-v-bv=aw_essentials_ui_auto_20260325-0432_RC001&acx-v-clt=1774547912522 => [200] 
[POST] https://www.google-analytics.com/g/collect?v=2&tid=G-HR9MP6ENEP&gtm=45je63p0v892897369za200zb78306558zd78306558&_p=1774547910936&gcs=G111&gcd=13t3t3t3t5l1&npa=0&dma=0&cid=1680355506.1774547914&ul=uk-ua&sr=1280x720&uaa=x86&uab=64&uafvl=Chromium%3B146.0.7680.165%7CNot-A.Brand%3B24.0.0.0%7CGoogle%2520Chrome%3B146.0.7680.165&uamb=0&uam=&uap=Windows&uapv=19.0.0&uaw=0&are=1&frm=0&pscdl=noapi&_eu=AEAAAAQ&_s=2&tag_exp=103116026~103200004~115616985~115938466~115938469~116024733~117484252&sid=1774547913&sct=1&seg=0&dl=https%3A%2F%2Fads.google.com%2Faw%2Foverview%3Focid%3D6547539728%26euid%3D674165193%26__u%3D6216113857%26uscid%3D6547539728%26__c%3D4614269072%26authuser%3D0%26__e%3D8371670101%26ascid%3D6547539728&dr=https%3A%2F%2Fads.google.com%2Fnav%2Fselectaccount%3Feuid%3D674165193%26__u%3D6216113857%26authuser%3D0%26dst%3D%2Faw%2Foverview%26f.sid%3D-6933690392433999249%26pli%3D1&dt=Overview%20-%20Etavrian%20MCC%20-%20Google%20Ads&en=scroll&epn.percent_scrolled=90&_et=15&tfd=8399 => [204] 
[POST] https://www.google-analytics.com/g/collect?v=2&tid=G-HR9MP6ENEP&gtm=45je63p0v892897369za200zb78306558zd78306558&_p=1774547910936&gcs=G111&gcd=13t3t3t3t5l1&npa=0&dma=0&cid=1680355506.1774547914&ul=uk-ua&sr=1280x720&uaa=x86&uab=64&uafvl=Chromium%3B146.0.7680.165%7CNot-A.Brand%3B24.0.0.0%7CGoogle%2520Chrome%3B146.0.7680.165&uamb=0&uam=&uap=Windows&uapv=19.0.0&uaw=0&are=1&frm=0&pscdl=noapi&_eu=AEAAAAQ&_s=2&tag_exp=103116026~103200004~115616985~115938466~115938469~116024733~117484252&sid=1774547913&sct=1&seg=0&dl=https%3A%2F%2Fads.google.com%2Faw%2Foverview%3Focid%3D6547539728%26euid%3D674165193%26__u%3D6216113857%26uscid%3D6547539728%26__c%3D4614269072%26authuser%3D0%26__e%3D8371670101%26ascid%3D6547539728&dr=https%3A%2F%2Fads.google.com%2Fnav%2Fselectaccount%3Feuid%3D674165193%26__u%3D6216113857%26authuser%3D0%26dst%3D%2Faw%2Foverview%26f.sid%3D-6933690392433999249%26pli%3D1&dt=Overview%20-%20Etavrian%20MCC%20-%20Google%20Ads&en=scroll&epn.percent_scrolled=90&_et=15&tfd=8399 => [204] 
[POST] https://ads.google.com/aw_essentials/_/logging?authuser=0&xt=awn&acx-v-bv=aw_essentials_ui_auto_20260325-0432_RC001&acx-v-clt=1774547912522 => [200] 
[POST] https://ads.google.com/aw_essentials/_/logging?authuser=0&xt=awn&acx-v-bv=aw_essentials_ui_auto_20260325-0432_RC001&acx-v-clt=1774547912522 => [200] 
[POST] https://ads.google.com/aw_mcc/App?p=%2Faccounts&__u=6216113857&__c=4614269072&authuser=0&ocid=6547539728&ascid=6547539728&activityId=4027061100931711&xt=awn&hl=en_GB => [200] 
[POST] https://ads.google.com/aw_mcc/InitialData?p=%2Faccounts&__u=6216113857&__c=4614269072&authuser=0&ocid=6547539728&ascid=6547539728&activityId=4027061100931711&xt=awn&hl=en_GB => [200] 
[POST] https://ads.google.com/aw_mcc/Prefetch?prefetchKey=%2Faccounts&__u=6216113857&__c=4614269072&authuser=0&ocid=6547539728&ascid=6547539728&activityId=4027061100931711&xt=awn&hl=en_GB => [200] 
[POST] https://ads.google.com/aw_essentials/_/logging?authuser=0&xt=awn&acx-v-bv=aw_essentials_ui_auto_20260325-0432_RC001&acx-v-clt=1774547912522 => [200] 
[POST] https://ads.google.com/aw/_/logging?authuser=0&xt=awn&acx-v-bv=awn_awsm_auto_20260323-1848_RC000&acx-v-clt=1774547912518 => [200] 
[POST] https://ads.google.com/aw_mcc/_/logging?authuser=0&xt=awn&acx-v-bv=awn_mcc_ui_auto_20260324-1458_RC000&acx-v-clt=1774547924768 => [200] 
[POST] https://ads.google.com/aw_mcc/_/rpc/BatchService/Batch?authuser=0&xt=awn&acx-v-bv=awn_mcc_ui_auto_20260324-1458_RC000&acx-v-clt=1774547924768&rpcTrackingId=BatchService.Batch%5BAccountService.List%2CAccountService.List%2CAccountService.List%5D%3A1&f.sid=-6933690392433999000 => [200] 
[POST] https://ads.google.com/aw_mcc/_/logging?authuser=0&xt=awn&acx-v-bv=awn_mcc_ui_auto_20260324-1458_RC000&acx-v-clt=1774547924768 => [200] 
[POST] https://ads.google.com/aw/_/logging?authuser=0&xt=awn&acx-v-bv=awn_awsm_auto_20260323-1848_RC000&acx-v-clt=1774547912518 => [200] 
[POST] https://ads.google.com/aw_mcc/_/logging?authuser=0&xt=awn&acx-v-bv=awn_mcc_ui_auto_20260324-1458_RC000&acx-v-clt=1774547924768 => [200] 
[POST] https://ads.google.com/aw/_/logging?authuser=0&xt=awn&acx-v-bv=awn_awsm_auto_20260323-1848_RC000&acx-v-clt=1774547912518 => [200] 
[POST] https://ads.google.com/aw_essentials/_/logging?authuser=0&xt=awn&acx-v-bv=aw_essentials_ui_auto_20260325-0432_RC001&acx-v-clt=1774547912522 => [200] 
[POST] https://ads.google.com/aw_essentials/_/logging?authuser=0&xt=awn&acx-v-bv=aw_essentials_ui_auto_20260325-0432_RC001&acx-v-clt=1774547912522 => [200] 
[POST] https://ads.google.com/aw_mcc/_/logging?authuser=0&xt=awn&acx-v-bv=awn_mcc_ui_auto_20260324-1458_RC000&acx-v-clt=1774547924768 => [200] 
[POST] https://www.google-analytics.com/g/collect?v=2&tid=G-HR9MP6ENEP&gtm=45je63p0v892897369za200zb78306558zd78306558&_p=1774547910936&gcs=G111&gcd=13t3t3t3t5l1&npa=0&dma=0&cid=1680355506.1774547914&ul=uk-ua&sr=1280x720&uaa=x86&uab=64&uafvl=Chromium%3B146.0.7680.165%7CNot-A.Brand%3B24.0.0.0%7CGoogle%2520Chrome%3B146.0.7680.165&uamb=0&uam=&uap=Windows&uapv=19.0.0&uaw=0&are=1&frm=0&pscdl=noapi&_eu=AEAAAAQ&_s=3&tag_exp=103116026~103200004~115616985~115938466~115938469~116024733~117484252&dl=https%3A%2F%2Fads.google.com%2Faw%2Faccounts%3Focid%3D6547539728%26euid%3D674165193%26__u%3D6216113857%26uscid%3D6547539728%26__c%3D4614269072%26authuser%3D0%26__e%3D8371670101%26ascid%3D6547539728&dr=https%3A%2F%2Fads.google.com%2Faw%2Foverview%3Focid%3D6547539728%26euid%3D674165193%26__u%3D6216113857%26uscid%3D6547539728%26__c%3D4614269072%26authuser%3D0%26__e%3D8371670101%26ascid%3D6547539728&sid=1774547913&sct=1&seg=1&dt=Performance%20-%20Etavrian%20MCC%20-%20Google%20Ads&en=page_view&_et=10247&tfd=18652 => [204] 
[POST] https://www.google-analytics.com/g/collect?v=2&tid=G-HR9MP6ENEP&gtm=45je63p0v892897369za200zb78306558zd78306558&_p=1774547910936&gcs=G111&gcd=13t3t3t3t5l1&npa=0&dma=0&cid=1680355506.1774547914&ul=uk-ua&sr=1280x720&uaa=x86&uab=64&uafvl=Chromium%3B146.0.7680.165%7CNot-A.Brand%3B24.0.0.0%7CGoogle%2520Chrome%3B146.0.7680.165&uamb=0&uam=&uap=Windows&uapv=19.0.0&uaw=0&are=1&frm=0&pscdl=noapi&_eu=AEAAAAQ&_s=3&tag_exp=103116026~103200004~115616985~115938466~115938469~116024733~117484252&dl=https%3A%2F%2Fads.google.com%2Faw%2Faccounts%3Focid%3D6547539728%26euid%3D674165193%26__u%3D6216113857%26uscid%3D6547539728%26__c%3D4614269072%26authuser%3D0%26__e%3D8371670101%26ascid%3D6547539728&dr=https%3A%2F%2Fads.google.com%2Faw%2Foverview%3Focid%3D6547539728%26euid%3D674165193%26__u%3D6216113857%26uscid%3D6547539728%26__c%3D4614269072%26authuser%3D0%26__e%3D8371670101%26ascid%3D6547539728&sid=1774547913&sct=1&seg=1&dt=Performance%20-%20Etavrian%20MCC%20-%20Google%20Ads&en=page_view&_et=10247&tfd=18652 => [204] 
[POST] https://ads.google.com/aw/_/logging?authuser=0&xt=awn&acx-v-bv=awn_awsm_auto_20260323-1848_RC000&acx-v-clt=1774547912518 => [200] 
[POST] https://ads.google.com/aw_essentials/_/rpc/OverviewService/Get?authuser=0&xt=awn&acx-v-bv=aw_essentials_ui_auto_20260325-0432_RC001&acx-v-clt=1774547912522&rpcTrackingId=OverviewService.Get%3A28&f.sid=-6933690392433999000 => [200] 
[POST] https://ads.google.com/aw_essentials/_/rpc/OverviewService/Get?authuser=0&xt=awn&acx-v-bv=aw_essentials_ui_auto_20260325-0432_RC001&acx-v-clt=1774547912522&rpcTrackingId=OverviewService.Get%3A29&f.sid=-6933690392433999000 => [200] 
[POST] https://ads.google.com/aw_essentials/_/rpc/OverviewService/Get?authuser=0&xt=awn&acx-v-bv=aw_essentials_ui_auto_20260325-0432_RC001&acx-v-clt=1774547912522&rpcTrackingId=OverviewService.Get%3A30&f.sid=-6933690392433999000 => [200] 
[POST] https://ads.google.com/aw/_/rpc/EuParSelfDeclarationEligibilityService/RequiresEuParSelfDeclaration?authuser=0&xt=awn&acx-v-bv=awn_awsm_auto_20260323-1848_RC000&acx-v-clt=1774547912518&rpcTrackingId=EuParSelfDeclarationEligibilityService.RequiresEuParSelfDeclaration%3A2&f.sid=-6933690392433999000 => [200] 
[POST] https://ads.google.com/aw/_/rpc/ClientCustomerService/List?authuser=0&xt=awn&acx-v-bv=awn_awsm_auto_20260323-1848_RC000&acx-v-clt=1774547912518&rpcTrackingId=ClientCustomerService.List%3A8&f.sid=-6933690392433999000 => [200] 
[POST] https://ads.google.com/aw/_/rpc/CampaignService/List?authuser=0&xt=awn&acx-v-bv=awn_awsm_auto_20260323-1848_RC000&acx-v-clt=1774547912518&rpcTrackingId=CampaignService.List%3A3&f.sid=-6933690392433999000 => [200] 
[POST] https://ads.google.com/aw/_/logging?authuser=0&xt=awn&acx-v-bv=awn_awsm_auto_20260323-1848_RC000&acx-v-clt=1774547912518 => [200] 
[POST] https://ads.google.com/aw_reporting/reporteditor/priming?__u=6216113857&__c=4614269072&authuser=0 => [200] 
[POST] https://ads.google.com/aw_essentials/_/logging?authuser=0&xt=awn&acx-v-bv=aw_essentials_ui_auto_20260325-0432_RC001&acx-v-clt=1774547912522 => [200] 
[POST] https://ads.google.com/aw/_/logging?authuser=0&xt=awn&acx-v-bv=awn_awsm_auto_20260323-1848_RC000&acx-v-clt=1774547912518 => [200] 
[POST] https://ads.google.com/aw_mcc/_/logging?authuser=0&xt=awn&acx-v-bv=awn_mcc_ui_auto_20260324-1458_RC000&acx-v-clt=1774547924768 => [200] 
[POST] https://ads.google.com/aw_essentials/_/rpc/CampaignTrialService/List?authuser=0&xt=awn&acx-v-bv=aw_essentials_ui_auto_20260325-0432_RC001&acx-v-clt=1774547912522&rpcTrackingId=CampaignTrialService.List%3A2&f.sid=-6933690392433999000 => [200] 
[POST] https://ads.google.com/aw_essentials/_/rpc/InsightService/GetSmartSummary?authuser=0&xt=awn&acx-v-bv=aw_essentials_ui_auto_20260325-0432_RC001&acx-v-clt=1774547912522&rpcTrackingId=InsightService.GetSmartSummary%3A1&f.sid=-6933690392433999000 => [200] 
[POST] https://ads.google.com/aw_essentials/_/rpc/OverviewService/GetFollowUp?authuser=0&xt=awn&acx-v-bv=aw_essentials_ui_auto_20260325-0432_RC001&acx-v-clt=1774547912522&rpcTrackingId=OverviewService.GetFollowUp%3A2&f.sid=-6933690392433999000 => [200] 
[POST] https://ads.google.com/aw_essentials/_/rpc/OverviewService/GetFollowUp?authuser=0&xt=awn&acx-v-bv=aw_essentials_ui_auto_20260325-0432_RC001&acx-v-clt=1774547912522&rpcTrackingId=OverviewService.GetFollowUp%3A3&f.sid=-6933690392433999000 => [200] 
[POST] https://ads.google.com/aw_essentials/_/rpc/AdGroupAdService/List?authuser=0&xt=awn&acx-v-bv=aw_essentials_ui_auto_20260325-0432_RC001&acx-v-clt=1774547912522&rpcTrackingId=AdGroupAdService.List%3A2&f.sid=-6933690392433999000 => [200] 
[POST] https://ads.google.com/aw/_/logging?authuser=0&xt=awn&acx-v-bv=awn_awsm_auto_20260323-1848_RC000&acx-v-clt=1774547912518 => [200] 
[POST] https://ads.google.com/aw_essentials/_/rpc/InsightService/GetDiagnostics?authuser=0&xt=awn&acx-v-bv=aw_essentials_ui_auto_20260325-0432_RC001&acx-v-clt=1774547912522&rpcTrackingId=InsightService.GetDiagnostics%3A1&f.sid=-6933690392433999000 => [200] 
[POST] https://ads.google.com/aw_essentials/_/rpc/InsightService/GetDiagnostics?authuser=0&xt=awn&acx-v-bv=aw_essentials_ui_auto_20260325-0432_RC001&acx-v-clt=1774547912522&rpcTrackingId=InsightService.GetDiagnostics%3A2&f.sid=-6933690392433999000 => [200] 
[POST] https://ads.google.com/aw_essentials/_/rpc/InsightService/GetDiagnostics?authuser=0&xt=awn&acx-v-bv=aw_essentials_ui_auto_20260325-0432_RC001&acx-v-clt=1774547912522&rpcTrackingId=InsightService.GetDiagnostics%3A3&f.sid=-6933690392433999000 => [200] 
[POST] https://ads.google.com/aw_essentials/_/rpc/InsightService/GetDiagnostics?authuser=0&xt=awn&acx-v-bv=aw_essentials_ui_auto_20260325-0432_RC001&acx-v-clt=1774547912522&rpcTrackingId=InsightService.GetDiagnostics%3A4&f.sid=-6933690392433999000 => [200] 
[POST] https://ads.google.com/aw_essentials/_/rpc/InsightService/GetDiagnostics?authuser=0&xt=awn&acx-v-bv=aw_essentials_ui_auto_20260325-0432_RC001&acx-v-clt=1774547912522&rpcTrackingId=InsightService.GetDiagnostics%3A5&f.sid=-6933690392433999000 => [200] 
[POST] https://ads.google.com/aw/_/logging?authuser=0&xt=awn&acx-v-bv=awn_awsm_auto_20260323-1848_RC000&acx-v-clt=1774547912518 => [200] 
[POST] https://ads.google.com/aw/_/logging?authuser=0&xt=awn&acx-v-bv=awn_awsm_auto_20260323-1848_RC000&acx-v-clt=1774547912518 => [200] 
[POST] https://ads.google.com/aw/_/logging?authuser=0&xt=awn&acx-v-bv=awn_awsm_auto_20260323-1848_RC000&acx-v-clt=1774547912518 => [200] 
[POST] https://ads.google.com/aw/_/logging?authuser=0&xt=awn&acx-v-bv=awn_awsm_auto_20260323-1848_RC000&acx-v-clt=1774547912518 => [200] 
[POST] https://ads.google.com/aw_essentials/_/rpc/BatchService/Batch?authuser=0&xt=awn&acx-v-bv=aw_essentials_ui_auto_20260325-0432_RC001&acx-v-clt=1774547912522&rpcTrackingId=BatchService.Batch%5BCampaignService.List%2CCampaignService.List%2CCampaignService.List%5D%3A3&f.sid=-6933690392433999000 => [200] 
[POST] https://ads.google.com/aw_essentials/_/rpc/BatchService/Batch?authuser=0&xt=awn&acx-v-bv=aw_essentials_ui_auto_20260325-0432_RC001&acx-v-clt=1774547912522&rpcTrackingId=BatchService.Batch%5BCampaignService.List%5D%3A3&f.sid=-6933690392433999000 => [200] 
[POST] https://ads.google.com/aw_essentials/_/rpc/AdGroupAdService/List?authuser=0&xt=awn&acx-v-bv=aw_essentials_ui_auto_20260325-0432_RC001&acx-v-clt=1774547912522&rpcTrackingId=AdGroupAdService.List%3A3&f.sid=-6933690392433999000 => [200] 
[POST] https://ads.google.com/aw_essentials/_/rpc/CustomerUserAppDataService/Mutate?authuser=0&xt=awn&acx-v-bv=aw_essentials_ui_auto_20260325-0432_RC001&acx-v-clt=1774547912522&rpcTrackingId=CustomerUserAppDataService.Mutate%3A5&f.sid=-6933690392433999000 => [200] 
[POST] https://ads.google.com/aw_essentials/_/rpc/BatchService/Batch?authuser=0&xt=awn&acx-v-bv=aw_essentials_ui_auto_20260325-0432_RC001&acx-v-clt=1774547912522&rpcTrackingId=BatchService.Batch%5BAdGroupAdService.List%2CAdGroupAdService.List%2CAdGroupAdService.List%5D%3A2&f.sid=-6933690392433999000 => [200] 
[POST] https://ads.google.com/aw_essentials/_/rpc/OverviewService/Get?authuser=0&xt=awn&acx-v-bv=aw_essentials_ui_auto_20260325-0432_RC001&acx-v-clt=1774547912522&rpcTrackingId=OverviewService.Get%3A31&f.sid=-6933690392433999000 => [200] 
[POST] https://ads.google.com/aw_essentials/_/rpc/OverviewService/Get?authuser=0&xt=awn&acx-v-bv=aw_essentials_ui_auto_20260325-0432_RC001&acx-v-clt=1774547912522&rpcTrackingId=OverviewService.Get%3A32&f.sid=-6933690392433999000 => [200] 
[POST] https://ads.google.com/aw_essentials/_/rpc/OverviewService/Get?authuser=0&xt=awn&acx-v-bv=aw_essentials_ui_auto_20260325-0432_RC001&acx-v-clt=1774547912522&rpcTrackingId=OverviewService.Get%3A33&f.sid=-6933690392433999000 => [200] 
[POST] https://ads.google.com/aw_essentials/_/rpc/OverviewService/Get?authuser=0&xt=awn&acx-v-bv=aw_essentials_ui_auto_20260325-0432_RC001&acx-v-clt=1774547912522&rpcTrackingId=OverviewService.Get%3A34&f.sid=-6933690392433999000 => [200] 
[POST] https://ads.google.com/aw_essentials/_/rpc/OverviewService/Get?authuser=0&xt=awn&acx-v-bv=aw_essentials_ui_auto_20260325-0432_RC001&acx-v-clt=1774547912522&rpcTrackingId=OverviewService.Get%3A35&f.sid=-6933690392433999000 => [200] 
[POST] https://ads.google.com/aw_essentials/_/rpc/OverviewService/Get?authuser=0&xt=awn&acx-v-bv=aw_essentials_ui_auto_20260325-0432_RC001&acx-v-clt=1774547912522&rpcTrackingId=OverviewService.Get%3A36&f.sid=-6933690392433999000 => [200] 
[POST] https://ads.google.com/aw/_/rpc/AggregateNotificationService/List?authuser=0&xt=awn&acx-v-bv=awn_awsm_auto_20260323-1848_RC000&acx-v-clt=1774547912518&rpcTrackingId=AggregateNotificationService.List%3A1&f.sid=-6933690392433999000 => [200] 
[POST] https://ads.google.com/aw_essentials/_/logging?authuser=0&xt=awn&acx-v-bv=aw_essentials_ui_auto_20260325-0432_RC001&acx-v-clt=1774547912522 => [200] 
[POST] https://ads.google.com/aw_essentials/_/logging?authuser=0&xt=awn&acx-v-bv=aw_essentials_ui_auto_20260325-0432_RC001&acx-v-clt=1774547912522 => [200] 
[POST] https://ads.google.com/aw_essentials/_/rpc/CustomerUserAppDataService/Mutate?authuser=0&xt=awn&acx-v-bv=aw_essentials_ui_auto_20260325-0432_RC001&acx-v-clt=1774547912522&rpcTrackingId=CustomerUserAppDataService.Mutate%3A6&f.sid=-6933690392433999000 => [200] 
[POST] https://ads.google.com/aw_essentials/_/rpc/CustomerUserAppDataService/Mutate?authuser=0&xt=awn&acx-v-bv=aw_essentials_ui_auto_20260325-0432_RC001&acx-v-clt=1774547912522&rpcTrackingId=CustomerUserAppDataService.Mutate%3A7&f.sid=-6933690392433999000 => [200] 
[POST] https://ads.google.com/aw_essentials/_/rpc/CustomerUserAppDataService/Mutate?authuser=0&xt=awn&acx-v-bv=aw_essentials_ui_auto_20260325-0432_RC001&acx-v-clt=1774547912522&rpcTrackingId=CustomerUserAppDataService.Mutate%3A8&f.sid=-6933690392433999000 => [200] 
[POST] https://ads.google.com/aw_essentials/_/rpc/CustomerUserAppDataService/Mutate?authuser=0&xt=awn&acx-v-bv=aw_essentials_ui_auto_20260325-0432_RC001&acx-v-clt=1774547912522&rpcTrackingId=CustomerUserAppDataService.Mutate%3A9&f.sid=-6933690392433999000 => [200] 
[POST] https://ads.google.com/aw_essentials/_/logging?authuser=0&xt=awn&acx-v-bv=aw_essentials_ui_auto_20260325-0432_RC001&acx-v-clt=1774547912522 => [200] 
[POST] https://ads.google.com/aw_essentials/_/rpc/UiCustomizationService/List?authuser=0&xt=awn&acx-v-bv=aw_essentials_ui_auto_20260325-0432_RC001&acx-v-clt=1774547912522&rpcTrackingId=UiCustomizationService.List%3A1&f.sid=-6933690392433999000 => [200] 
[POST] https://ads.google.com/aw_essentials/_/logging?authuser=0&xt=awn&acx-v-bv=aw_essentials_ui_auto_20260325-0432_RC001&acx-v-clt=1774547912522 => [200] 
[POST] https://ads.google.com/aw_essentials/_/logging?authuser=0&xt=awn&acx-v-bv=aw_essentials_ui_auto_20260325-0432_RC001&acx-v-clt=1774547912522 => [200] 
[POST] https://ads.google.com/aw_essentials/_/logging?authuser=0&xt=awn&acx-v-bv=aw_essentials_ui_auto_20260325-0432_RC001&acx-v-clt=1774547912522 => [200] 
[POST] https://ads.google.com/aw_essentials/_/logging?authuser=0&xt=awn&acx-v-bv=aw_essentials_ui_auto_20260325-0432_RC001&acx-v-clt=1774547912522 => [200] 
[POST] https://ads.google.com/aw_essentials/_/logging?authuser=0&xt=awn&acx-v-bv=aw_essentials_ui_auto_20260325-0432_RC001&acx-v-clt=1774547912522 => [200] 
[POST] https://ads.google.com/aw_essentials/_/logging?authuser=0&xt=awn&acx-v-bv=aw_essentials_ui_auto_20260325-0432_RC001&acx-v-clt=1774547912522 => [200] 
[POST] https://ads.google.com/aw_essentials/_/logging?authuser=0&xt=awn&acx-v-bv=aw_essentials_ui_auto_20260325-0432_RC001&acx-v-clt=1774547912522 => [200] 
[POST] https://ads.google.com/aw_essentials/_/logging?authuser=0&xt=awn&acx-v-bv=aw_essentials_ui_auto_20260325-0432_RC001&acx-v-clt=1774547912522 => [200] 
[POST] https://ads.google.com/aw_essentials/_/logging?authuser=0&xt=awn&acx-v-bv=aw_essentials_ui_auto_20260325-0432_RC001&acx-v-clt=1774547912522 => [200] 
[POST] https://ads.google.com/aw_essentials/_/logging?authuser=0&xt=awn&acx-v-bv=aw_essentials_ui_auto_20260325-0432_RC001&acx-v-clt=1774547912522 => [200] 
[POST] https://feedback-pa.clients6.google.com/v1/survey/startup_config?key=AIzaSyCB6OnnfuitFnaYWu4BvtGKaoLFk4cm-GE => [200] 
[POST] https://feedback-pa.clients6.google.com/v1/survey/trigger?key=AIzaSyDPYsZ2KD9sLDI9yjGZTsKP3w4Z44sMM6Y => [200] 
[POST] https://ads.google.com/aw/_/logging?authuser=0&xt=awn&acx-v-bv=awn_awsm_auto_20260323-1848_RC000&acx-v-clt=1774547912518 => [200] 
[POST] https://ads.google.com/aw_essentials/_/rpc/CustomerUserAppDataService/Mutate?authuser=0&xt=awn&acx-v-bv=aw_essentials_ui_auto_20260325-0432_RC001&acx-v-clt=1774547912522&rpcTrackingId=CustomerUserAppDataService.Mutate%3A10&f.sid=-6933690392433999000 => [200] 
[POST] https://ads.google.com/aw_essentials/_/rpc/CustomerUserAppDataService/Mutate?authuser=0&xt=awn&acx-v-bv=aw_essentials_ui_auto_20260325-0432_RC001&acx-v-clt=1774547912522&rpcTrackingId=CustomerUserAppDataService.Mutate%3A11&f.sid=-6933690392433999000 => [200] 
[POST] https://ads.google.com/aw_essentials/_/rpc/CustomerUserAppDataService/Mutate?authuser=0&xt=awn&acx-v-bv=aw_essentials_ui_auto_20260325-0432_RC001&acx-v-clt=1774547912522&rpcTrackingId=CustomerUserAppDataService.Mutate%3A12&f.sid=-6933690392433999000 => [200] 
[POST] https://ads.google.com/aw_essentials/_/logging?authuser=0&xt=awn&acx-v-bv=aw_essentials_ui_auto_20260325-0432_RC001&acx-v-clt=1774547912522 => [200] 
[POST] https://ads.google.com/aw_essentials/_/logging?authuser=0&xt=awn&acx-v-bv=aw_essentials_ui_auto_20260325-0432_RC001&acx-v-clt=1774547912522 => [200] 
[POST] https://ads.google.com/aw_essentials/_/logging?authuser=0&xt=awn&acx-v-bv=aw_essentials_ui_auto_20260325-0432_RC001&acx-v-clt=1774547912522 => [200] 
[POST] https://ads.google.com/aw/_/rpc/CustomerUserAppDataService/Mutate?authuser=0&xt=awn&acx-v-bv=awn_awsm_auto_20260323-1848_RC000&acx-v-clt=1774547912518&rpcTrackingId=CustomerUserAppDataService.Mutate%3A1&f.sid=-6933690392433999000 => [200] 
[POST] https://ads.google.com/aw/_/rpc/CustomerUserAppDataService/Mutate?authuser=0&xt=awn&acx-v-bv=awn_awsm_auto_20260323-1848_RC000&acx-v-clt=1774547912518&rpcTrackingId=CustomerUserAppDataService.Mutate%3A2&f.sid=-6933690392433999000 => [200] 
[POST] https://ads.google.com/aw/_/rpc/CustomerUserAppDataService/Mutate?authuser=0&xt=awn&acx-v-bv=awn_awsm_auto_20260323-1848_RC000&acx-v-clt=1774547912518&rpcTrackingId=CustomerUserAppDataService.Mutate%3A3&f.sid=-6933690392433999000 => [200] 
[POST] https://ads.google.com/aw/_/logging?authuser=0&xt=awn&acx-v-bv=awn_awsm_auto_20260323-1848_RC000&acx-v-clt=1774547912518 => [200] 
[POST] https://ads.google.com/aw_essentials/_/logging?authuser=0&xt=awn&acx-v-bv=aw_essentials_ui_auto_20260325-0432_RC001&acx-v-clt=1774547912522 => [200] 
[POST] https://ads.google.com/aw_essentials/_/rpc/SuggestionService/Get?authuser=0&xt=awn&acx-v-bv=aw_essentials_ui_auto_20260325-0432_RC001&acx-v-clt=1774547912522&rpcTrackingId=SuggestionService.Get%3A3&f.sid=-6933690392433999000 => [200] 
[POST] https://ads.google.com/aw_essentials/_/rpc/SuggestionService/Get?authuser=0&xt=awn&acx-v-bv=aw_essentials_ui_auto_20260325-0432_RC001&acx-v-clt=1774547912522&rpcTrackingId=SuggestionService.Get%3A4&f.sid=-6933690392433999000 => [200] 
[POST] https://ads.google.com/aw_essentials/_/logging?authuser=0&xt=awn&acx-v-bv=aw_essentials_ui_auto_20260325-0432_RC001&acx-v-clt=1774547912522 => [200] 
[POST] https://ads.google.com/aw_essentials/_/logging?authuser=0&xt=awn&acx-v-bv=aw_essentials_ui_auto_20260325-0432_RC001&acx-v-clt=1774547912522 => [200] 
[POST] https://ads.google.com/aw_essentials/_/logging?authuser=0&xt=awn&acx-v-bv=aw_essentials_ui_auto_20260325-0432_RC001&acx-v-clt=1774547912522 => [200] 
[POST] https://ads.google.com/aw_essentials/_/logging?authuser=0&xt=awn&acx-v-bv=aw_essentials_ui_auto_20260325-0432_RC001&acx-v-clt=1774547912522 => [200] 
[POST] https://www.google-analytics.com/g/collect?v=2&tid=G-HR9MP6ENEP&gtm=45je63p0v892897369za200zb78306558zd78306558&_p=1774547910936&gcs=G111&gcd=13t3t3t3t5l1&npa=0&dma=0&cid=1680355506.1774547914&ul=uk-ua&sr=1280x720&uaa=x86&uab=64&uafvl=Chromium%3B146.0.7680.165%7CNot-A.Brand%3B24.0.0.0%7CGoogle%2520Chrome%3B146.0.7680.165&uamb=0&uam=&uap=Windows&uapv=19.0.0&uaw=0&are=1&frm=0&pscdl=noapi&_eu=AEAAAAQ&_s=4&tag_exp=103116026~103200004~115616985~115938466~115938469~116024733~117484252&dl=https%3A%2F%2Fads.google.com%2Faw%2Foverview%3Focid%3D854964407%26ascid%3D854964407%26euid%3D674165193%26__u%3D6216113857%26uscid%3D6547539728%26__c%3D4614269072%26authuser%3D0%26__e%3D8371670101&dr=https%3A%2F%2Fads.google.com%2Faw%2Faccounts%3Focid%3D6547539728%26euid%3D674165193%26__u%3D6216113857%26uscid%3D6547539728%26__c%3D4614269072%26authuser%3D0%26__e%3D8371670101%26ascid%3D6547539728&sid=1774547913&sct=1&seg=1&dt=Overview%20-%20minvoir.com%20-%20Google%20Ads&en=page_view&_et=15044&tfd=33705 => [204] 
[POST] https://www.google-analytics.com/g/collect?v=2&tid=G-HR9MP6ENEP&gtm=45je63p0v892897369za200zb78306558zd78306558&_p=1774547910936&gcs=G111&gcd=13t3t3t3t5l1&npa=0&dma=0&cid=1680355506.1774547914&ul=uk-ua&sr=1280x720&uaa=x86&uab=64&uafvl=Chromium%3B146.0.7680.165%7CNot-A.Brand%3B24.0.0.0%7CGoogle%2520Chrome%3B146.0.7680.165&uamb=0&uam=&uap=Windows&uapv=19.0.0&uaw=0&are=1&frm=0&pscdl=noapi&_eu=AEAAAAQ&_s=4&tag_exp=103116026~103200004~115616985~115938466~115938469~116024733~117484252&dl=https%3A%2F%2Fads.google.com%2Faw%2Foverview%3Focid%3D854964407%26ascid%3D854964407%26euid%3D674165193%26__u%3D6216113857%26uscid%3D6547539728%26__c%3D4614269072%26authuser%3D0%26__e%3D8371670101&dr=https%3A%2F%2Fads.google.com%2Faw%2Faccounts%3Focid%3D6547539728%26euid%3D674165193%26__u%3D6216113857%26uscid%3D6547539728%26__c%3D4614269072%26authuser%3D0%26__e%3D8371670101%26ascid%3D6547539728&sid=1774547913&sct=1&seg=1&dt=Overview%20-%20minvoir.com%20-%20Google%20Ads&en=page_view&_et=15044&tfd=33705 => [204] 
[GET] https://ads.google.com/aw/heartbeat => [204] 
[GET] https://ads.google.com/aw/heartbeat => [204] 
[GET] https://ads.google.com/aw/heartbeat => [204] 
[GET] https://ads.google.com/aw/heartbeat => [204] 
[POST] https://ads.google.com/aw/_/logging?authuser=0&xt=awn&acx-v-bv=awn_awsm_auto_20260323-1848_RC000&acx-v-clt=1774547912518 => [200] 
[POST] https://ads.google.com/aw_essentials/_/rpc/BatchService/Batch?authuser=0&xt=awn&acx-v-bv=aw_essentials_ui_auto_20260325-0432_RC001&acx-v-clt=1774547912522&rpcTrackingId=BatchService.Batch%5BAdGroupService.List%2CAdGroupService.List%2CAdGroupService.List%5D%3A1&f.sid=-6933690392433999000 => [200] 
[POST] https://ads.google.com/aw_essentials/_/rpc/BatchService/Batch?authuser=0&xt=awn&acx-v-bv=aw_essentials_ui_auto_20260325-0432_RC001&acx-v-clt=1774547912522&rpcTrackingId=BatchService.Batch%5BAdGroupService.List%5D%3A1&f.sid=-6933690392433999000 => [200] 
[GET] https://support.google.com/google-ads/apis/tooltips?ids=6333332&hl=en_GB&key=AIzaSyCEkgfHvnmLAO08XP9kK7r_yd4AqSmKqxw&v=1 => [200] 
[POST] https://ads.google.com/aw_essentials/_/rpc/ClipboardService/GetCopySource?authuser=0&xt=awn&acx-v-bv=aw_essentials_ui_auto_20260325-0432_RC001&acx-v-clt=1774547912522&rpcTrackingId=ClipboardService.GetCopySource%3A1&f.sid=-6933690392433999000 => [200] 
[POST] https://ads.google.com/aw_essentials/_/rpc/BatchService/Batch?authuser=0&xt=awn&acx-v-bv=aw_essentials_ui_auto_20260325-0432_RC001&acx-v-clt=1774547912522&rpcTrackingId=BatchService.Batch%5BScribbleService.List%5D%3A1&f.sid=-6933690392433999000 => [200] 
[GET] https://support.google.com/google-ads/apis/tooltips?ids=6333264&hl=en_GB&key=AIzaSyCEkgfHvnmLAO08XP9kK7r_yd4AqSmKqxw&v=1 => [200] 
[GET] https://support.google.com/google-ads/apis/tooltips?ids=7002341&hl=en_GB&key=AIzaSyCEkgfHvnmLAO08XP9kK7r_yd4AqSmKqxw&v=1 => [200] 
[GET] https://support.google.com/google-ads/apis/tooltips?ids=6375352&hl=en_GB&key=AIzaSyCEkgfHvnmLAO08XP9kK7r_yd4AqSmKqxw&v=1 => [200] 
[POST] https://ads.google.com/aw_essentials/_/logging?authuser=0&xt=awn&acx-v-bv=aw_essentials_ui_auto_20260325-0432_RC001&acx-v-clt=1774547912522 => [200] 
[POST] https://ads.google.com/aw_essentials/_/rpc/CustomerUserAppDataService/Mutate?authuser=0&xt=awn&acx-v-bv=aw_essentials_ui_auto_20260325-0432_RC001&acx-v-clt=1774547912522&rpcTrackingId=CustomerUserAppDataService.Mutate%3A13&f.sid=-6933690392433999000 => [200] 
[POST] https://ads.google.com/aw_essentials/_/rpc/CustomerUserAppDataService/Mutate?authuser=0&xt=awn&acx-v-bv=aw_essentials_ui_auto_20260325-0432_RC001&acx-v-clt=1774547912522&rpcTrackingId=CustomerUserAppDataService.Mutate%3A14&f.sid=-6933690392433999000 => [200] 
[POST] https://ads.google.com/aw_essentials/_/logging?authuser=0&xt=awn&acx-v-bv=aw_essentials_ui_auto_20260325-0432_RC001&acx-v-clt=1774547912522 => [200] 
[POST] https://ads.google.com/aw_essentials/_/logging?authuser=0&xt=awn&acx-v-bv=aw_essentials_ui_auto_20260325-0432_RC001&acx-v-clt=1774547912522 => [200] 
[POST] https://ads.google.com/aw_essentials/_/logging?authuser=0&xt=awn&acx-v-bv=aw_essentials_ui_auto_20260325-0432_RC001&acx-v-clt=1774547912522 => [200] 
[POST] https://ads.google.com/aw/_/logging?authuser=0&xt=awn&acx-v-bv=awn_awsm_auto_20260323-1848_RC000&acx-v-clt=1774547912518 => [200] 
[POST] https://ads.google.com/aw_essentials/_/rpc/BatchService/Batch?authuser=0&xt=awn&acx-v-bv=aw_essentials_ui_auto_20260325-0432_RC001&acx-v-clt=1774547912522&rpcTrackingId=BatchService.Batch%5BAdGroupService.List%5D%3A2&f.sid=-6933690392433999000 => [200] 
[POST] https://ads.google.com/aw_essentials/_/rpc/BatchService/Batch?authuser=0&xt=awn&acx-v-bv=aw_essentials_ui_auto_20260325-0432_RC001&acx-v-clt=1774547912522&rpcTrackingId=BatchService.Batch%5BAdGroupService.List%5D%3A3&f.sid=-6933690392433999000 => [200] 
[POST] https://ads.google.com/aw_essentials/_/rpc/SuggestionService/Get?authuser=0&xt=awn&acx-v-bv=aw_essentials_ui_auto_20260325-0432_RC001&acx-v-clt=1774547912522&rpcTrackingId=SuggestionService.Get%3A5&f.sid=-6933690392433999000 => [200] 
[POST] https://ads.google.com/aw_essentials/_/rpc/AdGroupService/List?authuser=0&xt=awn&acx-v-bv=aw_essentials_ui_auto_20260325-0432_RC001&acx-v-clt=1774547912522&rpcTrackingId=AdGroupService.List%3A1&f.sid=-6933690392433999000 => [200] 
[POST] https://ads.google.com/aw_essentials/_/rpc/UiCustomizationService/List?authuser=0&xt=awn&acx-v-bv=aw_essentials_ui_auto_20260325-0432_RC001&acx-v-clt=1774547912522&rpcTrackingId=UiCustomizationService.List%3A2&f.sid=-6933690392433999000 => [200] 
[POST] https://ads.google.com/aw/_/logging?authuser=0&xt=awn&acx-v-bv=awn_awsm_auto_20260323-1848_RC000&acx-v-clt=1774547912518 => [200] 
[POST] https://ads.google.com/aw/_/logging?authuser=0&xt=awn&acx-v-bv=awn_awsm_auto_20260323-1848_RC000&acx-v-clt=1774547912518 => [200] 
[POST] https://ads.google.com/aw/_/logging?authuser=0&xt=awn&acx-v-bv=awn_awsm_auto_20260323-1848_RC000&acx-v-clt=1774547912518 => [200] 
[POST] https://ads.google.com/aw_essentials/_/logging?authuser=0&xt=awn&acx-v-bv=aw_essentials_ui_auto_20260325-0432_RC001&acx-v-clt=1774547912522 => [200] 
[POST] https://ads.google.com/aw_essentials/_/logging?authuser=0&xt=awn&acx-v-bv=aw_essentials_ui_auto_20260325-0432_RC001&acx-v-clt=1774547912522 => [200] 
[POST] https://ads.google.com/aw/_/logging?authuser=0&xt=awn&acx-v-bv=awn_awsm_auto_20260323-1848_RC000&acx-v-clt=1774547912518 => [200] 
[POST] https://ads.google.com/aw_essentials/_/logging?authuser=0&xt=awn&acx-v-bv=aw_essentials_ui_auto_20260325-0432_RC001&acx-v-clt=1774547912522 => [200] 
[POST] https://ads.google.com/aw_essentials/_/rpc/UiCustomizationService/List?authuser=0&xt=awn&acx-v-bv=aw_essentials_ui_auto_20260325-0432_RC001&acx-v-clt=1774547912522&rpcTrackingId=UiCustomizationService.List%3A3&f.sid=-6933690392433999000 => [200] 
[POST] https://ads.google.com/aw_essentials/_/logging?authuser=0&xt=awn&acx-v-bv=aw_essentials_ui_auto_20260325-0432_RC001&acx-v-clt=1774547912522 => [200] 
[POST] https://ads.google.com/aw_essentials/_/logging?authuser=0&xt=awn&acx-v-bv=aw_essentials_ui_auto_20260325-0432_RC001&acx-v-clt=1774547912522 => [200] 
[POST] https://ads.google.com/aw_essentials/_/logging?authuser=0&xt=awn&acx-v-bv=aw_essentials_ui_auto_20260325-0432_RC001&acx-v-clt=1774547912522 => [200] 
[POST] https://ads.google.com/aw_essentials/_/rpc/BatchService/Batch?authuser=0&xt=awn&acx-v-bv=aw_essentials_ui_auto_20260325-0432_RC001&acx-v-clt=1774547912522&rpcTrackingId=BatchService.Batch%5BAssetBundleService.List%2CAssetBundleService.List%2CAssetBundleService.List%5D%3A1&f.sid=-6933690392433999000 => [200] 
[POST] https://ads.google.com/aw_essentials/_/rpc/AssetBundleService/List?authuser=0&xt=awn&acx-v-bv=aw_essentials_ui_auto_20260325-0432_RC001&acx-v-clt=1774547912522&rpcTrackingId=AssetBundleService.List%3A1&f.sid=-6933690392433999000 => [200] 
[POST] https://ads.google.com/aw_essentials/_/rpc/CampaignService/List?authuser=0&xt=awn&acx-v-bv=aw_essentials_ui_auto_20260325-0432_RC001&acx-v-clt=1774547912522&rpcTrackingId=CampaignService.List%3A1&f.sid=-6933690392433999000 => [200] 
[POST] https://ads.google.com/aw_essentials/_/rpc/BatchService/Batch?authuser=0&xt=awn&acx-v-bv=aw_essentials_ui_auto_20260325-0432_RC001&acx-v-clt=1774547912522&rpcTrackingId=BatchService.Batch%5BAdGroupCriterionService.List%5D%3A1&f.sid=-6933690392433999000 => [200] 
[POST] https://ads.google.com/aw_essentials/_/rpc/BatchService/Batch?authuser=0&xt=awn&acx-v-bv=aw_essentials_ui_auto_20260325-0432_RC001&acx-v-clt=1774547912522&rpcTrackingId=BatchService.Batch%5BAdGroupCriterionService.List%5D%3A2&f.sid=-6933690392433999000 => [200] 
[POST] https://ads.google.com/aw_essentials/_/rpc/BatchService/Batch?authuser=0&xt=awn&acx-v-bv=aw_essentials_ui_auto_20260325-0432_RC001&acx-v-clt=1774547912522&rpcTrackingId=BatchService.Batch%5BAdGroupCriterionService.List%5D%3A3&f.sid=-6933690392433999000 => [200] 
[POST] https://ads.google.com/aw_essentials/_/rpc/BatchService/Batch?authuser=0&xt=awn&acx-v-bv=aw_essentials_ui_auto_20260325-0432_RC001&acx-v-clt=1774547912522&rpcTrackingId=BatchService.Batch%5BAdGroupCriterionService.List%5D%3A4&f.sid=-6933690392433999000 => [200] 
[POST] https://ads.google.com/aw_essentials/_/rpc/AdGroupAdService/List?authuser=0&xt=awn&acx-v-bv=aw_essentials_ui_auto_20260325-0432_RC001&acx-v-clt=1774547912522&rpcTrackingId=AdGroupAdService.List%3A5&f.sid=-6933690392433999000 => [200] 
[POST] https://ads.google.com/aw_essentials/_/rpc/BatchService/Batch?authuser=0&xt=awn&acx-v-bv=aw_essentials_ui_auto_20260325-0432_RC001&acx-v-clt=1774547912522&rpcTrackingId=BatchService.Batch%5BAdGroupAdService.List%2CAdGroupAdService.List%2CAdGroupAdService.List%5D%3A4&f.sid=-6933690392433999000 => [200] 
[POST] https://ads.google.com/aw_essentials/_/logging?authuser=0&xt=awn&acx-v-bv=aw_essentials_ui_auto_20260325-0432_RC001&acx-v-clt=1774547912522 => [200] 
[POST] https://ads.google.com/aw_essentials/_/logging?authuser=0&xt=awn&acx-v-bv=aw_essentials_ui_auto_20260325-0432_RC001&acx-v-clt=1774547912522 => [200] 
[POST] https://ads.google.com/aw_essentials/_/logging?authuser=0&xt=awn&acx-v-bv=aw_essentials_ui_auto_20260325-0432_RC001&acx-v-clt=1774547912522 => [200] 
[POST] https://ads.google.com/aw_essentials/_/logging?authuser=0&xt=awn&acx-v-bv=aw_essentials_ui_auto_20260325-0432_RC001&acx-v-clt=1774547912522 => [200] 
[POST] https://ads.google.com/aw_essentials/_/rpc/SuggestionService/Get?authuser=0&xt=awn&acx-v-bv=aw_essentials_ui_auto_20260325-0432_RC001&acx-v-clt=1774547912522&rpcTrackingId=SuggestionService.Get%3A6&f.sid=-6933690392433999000 => [200] 
[POST] https://ads.google.com/aw_essentials/_/logging?authuser=0&xt=awn&acx-v-bv=aw_essentials_ui_auto_20260325-0432_RC001&acx-v-clt=1774547912522 => [200] 
[POST] https://ads.google.com/aw_essentials/_/logging?authuser=0&xt=awn&acx-v-bv=aw_essentials_ui_auto_20260325-0432_RC001&acx-v-clt=1774547912522 => [200] 
[POST] https://ads.google.com/aw_essentials/_/logging?authuser=0&xt=awn&acx-v-bv=aw_essentials_ui_auto_20260325-0432_RC001&acx-v-clt=1774547912522 => [200] 
[POST] https://www.google-analytics.com/g/collect?v=2&tid=G-HR9MP6ENEP&gtm=45je63p0v892897369za200zb78306558zd78306558&_p=1774547910936&gcs=G111&gcd=13t3t3t3t5l1&npa=0&dma=0&cid=1680355506.1774547914&ul=uk-ua&sr=1280x720&uaa=x86&uab=64&uafvl=Chromium%3B146.0.7680.165%7CNot-A.Brand%3B24.0.0.0%7CGoogle%2520Chrome%3B146.0.7680.165&uamb=0&uam=&uap=Windows&uapv=19.0.0&uaw=0&are=1&frm=0&pscdl=noapi&_eu=AEAAAAQ&_s=5&tag_exp=103116026~103200004~115616985~115938466~115938469~116024733~117484252&dl=https%3A%2F%2Fads.google.com%2Faw%2Fadgroups%3Focid%3D854964407%26ascid%3D854964407%26euid%3D674165193%26__u%3D6216113857%26uscid%3D6547539728%26__c%3D4614269072%26authuser%3D0%26__e%3D8371670101&dr=https%3A%2F%2Fads.google.com%2Faw%2Foverview%3Focid%3D854964407%26ascid%3D854964407%26euid%3D674165193%26__u%3D6216113857%26uscid%3D6547539728%26__c%3D4614269072%26authuser%3D0%26__e%3D8371670101&sid=1774547913&sct=1&seg=1&dt=Ad%20groups%20-%20minvoir.com%20-%20Google%20Ads&en=page_view&_et=46656&tfd=80372 => [204] 
[POST] https://www.google-analytics.com/g/collect?v=2&tid=G-HR9MP6ENEP&gtm=45je63p0v892897369za200zb78306558zd78306558&_p=1774547910936&gcs=G111&gcd=13t3t3t3t5l1&npa=0&dma=0&cid=1680355506.1774547914&ul=uk-ua&sr=1280x720&uaa=x86&uab=64&uafvl=Chromium%3B146.0.7680.165%7CNot-A.Brand%3B24.0.0.0%7CGoogle%2520Chrome%3B146.0.7680.165&uamb=0&uam=&uap=Windows&uapv=19.0.0&uaw=0&are=1&frm=0&pscdl=noapi&_eu=AEAAAAQ&_s=5&tag_exp=103116026~103200004~115616985~115938466~115938469~116024733~117484252&dl=https%3A%2F%2Fads.google.com%2Faw%2Fadgroups%3Focid%3D854964407%26ascid%3D854964407%26euid%3D674165193%26__u%3D6216113857%26uscid%3D6547539728%26__c%3D4614269072%26authuser%3D0%26__e%3D8371670101&dr=https%3A%2F%2Fads.google.com%2Faw%2Foverview%3Focid%3D854964407%26ascid%3D854964407%26euid%3D674165193%26__u%3D6216113857%26uscid%3D6547539728%26__c%3D4614269072%26authuser%3D0%26__e%3D8371670101&sid=1774547913&sct=1&seg=1&dt=Ad%20groups%20-%20minvoir.com%20-%20Google%20Ads&en=page_view&_et=46656&tfd=80372 => [204] 
[POST] https://ads.google.com/aw_essentials/_/rpc/CustomerUserAppDataService/Mutate?authuser=0&xt=awn&acx-v-bv=aw_essentials_ui_auto_20260325-0432_RC001&acx-v-clt=1774547912522&rpcTrackingId=CustomerUserAppDataService.Mutate%3A15&f.sid=-6933690392433999000 => [200] 
[POST] https://ads.google.com/aw_essentials/_/rpc/CustomerUserAppDataService/Mutate?authuser=0&xt=awn&acx-v-bv=aw_essentials_ui_auto_20260325-0432_RC001&acx-v-clt=1774547912522&rpcTrackingId=CustomerUserAppDataService.Mutate%3A16&f.sid=-6933690392433999000 => [200] 
[POST] https://ads.google.com/aw_essentials/_/rpc/CustomerUserAppDataService/Mutate?authuser=0&xt=awn&acx-v-bv=aw_essentials_ui_auto_20260325-0432_RC001&acx-v-clt=1774547912522&rpcTrackingId=CustomerUserAppDataService.Mutate%3A17&f.sid=-6933690392433999000 => [200] 
[POST] https://ads.google.com/aw_essentials/_/rpc/CustomerUserAppDataService/Mutate?authuser=0&xt=awn&acx-v-bv=aw_essentials_ui_auto_20260325-0432_RC001&acx-v-clt=1774547912522&rpcTrackingId=CustomerUserAppDataService.Mutate%3A18&f.sid=-6933690392433999000 => [200] 
[POST] https://ads.google.com/aw_essentials/_/logging?authuser=0&xt=awn&acx-v-bv=aw_essentials_ui_auto_20260325-0432_RC001&acx-v-clt=1774547912522 => [200] 
[POST] https://ads.google.com/aw_essentials/_/logging?authuser=0&xt=awn&acx-v-bv=aw_essentials_ui_auto_20260325-0432_RC001&acx-v-clt=1774547912522 => [200] 
[POST] https://ads.google.com/aw/_/rpc/CustomerUserAppDataService/Mutate?authuser=0&xt=awn&acx-v-bv=awn_awsm_auto_20260323-1848_RC000&acx-v-clt=1774547912518&rpcTrackingId=CustomerUserAppDataService.Mutate%3A4&f.sid=-6933690392433999000 => [200] 
[POST] https://ads.google.com/aw/_/logging?authuser=0&xt=awn&acx-v-bv=awn_awsm_auto_20260323-1848_RC000&acx-v-clt=1774547912518 => [200] 
[POST] https://ads.google.com/aw_reporting/dashboard/_/rpc/ReportDownloadService/DownloadReport?authuser=0&xt=awn&acx-v-bv=aw_essentials_ui_auto_20260325-0432_RC001&acx-v-clt=1774547912522&rpcTrackingId=ReportDownloadService.DownloadReport%3A1&f.sid=-6933690392433999000 => [200] 
[POST] https://ads.google.com/aw_reporting/dashboard/_/rpc/ReportDownloadService/GetState?authuser=0&xt=awn&acx-v-bv=aw_essentials_ui_auto_20260325-0432_RC001&acx-v-clt=1774547912522&rpcTrackingId=ReportDownloadService.GetState%3A1&f.sid=-6933690392433999000 => [200] 
[POST] https://ads.google.com/aw_reporting/dashboard/_/rpc/ReportDownloadService/GetState?authuser=0&xt=awn&acx-v-bv=aw_essentials_ui_auto_20260325-0432_RC001&acx-v-clt=1774547912522&rpcTrackingId=ReportDownloadService.GetState%3A2&f.sid=-6933690392433999000 => [200] 
[POST] https://ads.google.com/aw_reporting/dashboard/_/rpc/ReportDownloadService/GetState?authuser=0&xt=awn&acx-v-bv=aw_essentials_ui_auto_20260325-0432_RC001&acx-v-clt=1774547912522&rpcTrackingId=ReportDownloadService.GetState%3A3&f.sid=-6933690392433999000 => [200] 
[POST] https://ads.google.com/aw_reporting/dashboard/_/rpc/ReportDownloadService/GetState?authuser=0&xt=awn&acx-v-bv=aw_essentials_ui_auto_20260325-0432_RC001&acx-v-clt=1774547912522&rpcTrackingId=ReportDownloadService.GetState%3A4&f.sid=-6933690392433999000 => [200] 
[GET] https://storage.googleapis.com/awn-report-download/download/1158093017/Ad%20group%20report.csv?GoogleAccessId=816718982741-compute@developer.gserviceaccount.com&Expires=1774548619&response-content-disposition=attachment&Signature=pckMq%2BMCyeN8xIs%2BCvODgNK3dVTCJo7dZBM209RAPIdlGlJ2AOq2fKoPjXzPTOmT%2BLNXoYsHhtjLQB9qqOLzjEwZrJqsn05LXFW4v%2BcaXv5VWYJc%2Fc4DlB94gpidCG6LAlG%2FSZxhBagofcFbo8WTLeV572n7XKeRIJYNw5bWSSAMaO0%2FT4qUcE5gGBPY18daJEDyjJgxIIK90G7TlWYwMg0HjyFuMYa7Jq3432TG9DcPy4CY1VRGOcjrOjraStL87oAaLPvXdWMfwH1w863qeuU8koFNWLJXqOjMQ%2FFvXyGcoTBkA%2FOJKcRU1wVL2hsuwxmldXyVX9tBBq0B8UXRCg%3D%3D => [200] 
[POST] https://ads.google.com/aw_mcc/_/logging?authuser=0&xt=awn&acx-v-bv=awn_mcc_ui_auto_20260324-1458_RC000&acx-v-clt=1774547924768 => [200] 
[POST] https://ads.google.com/aw_essentials/_/logging?authuser=0&xt=awn&acx-v-bv=aw_essentials_ui_auto_20260325-0432_RC001&acx-v-clt=1774547912522 => [200] 
[GET] https://storage.googleapis.com/awn-report-download/download/1158093017/Ad%20group%20report.csv?GoogleAccessId=816718982741-compute@developer.gserviceaccount.com&Expires=1774548619&response-content-disposition=attachment&Signature=pckMq%2BMCyeN8xIs%2BCvODgNK3dVTCJo7dZBM209RAPIdlGlJ2AOq2fKoPjXzPTOmT%2BLNXoYsHhtjLQB9qqOLzjEwZrJqsn05LXFW4v%2BcaXv5VWYJc%2Fc4DlB94gpidCG6LAlG%2FSZxhBagofcFbo8WTLeV572n7XKeRIJYNw5bWSSAMaO0%2FT4qUcE5gGBPY18daJEDyjJgxIIK90G7TlWYwMg0HjyFuMYa7Jq3432TG9DcPy4CY1VRGOcjrOjraStL87oAaLPvXdWMfwH1w863qeuU8koFNWLJXqOjMQ%2FFvXyGcoTBkA%2FOJKcRU1wVL2hsuwxmldXyVX9tBBq0B8UXRCg%3D%3D => [200] 